2023-04-21T02:52:16+00:00 CRITICAL Uncaught ArgumentCountError: Too few arguments to function wc_price(), 0 passed in C:\xampp\htdocs\wordpress\wp-content\themes\flatsome-child\functions.php on line 71 and at least 1 expected in C:\xampp\htdocs\wordpress\wp-content\plugins\woocommerce\includes\wc-formatting-functions.php:564
Stack trace:
#0 C:\xampp\htdocs\wordpress\wp-content\themes\flatsome-child\functions.php(71): wc_price()
#1 C:\xampp\htdocs\wordpress\wp-includes\class-wp-hook.php(308): get_post_loadmore('')
#2 C:\xampp\htdocs\wordpress\wp-includes\class-wp-hook.php(332): WP_Hook->apply_filters('', Array)
#3 C:\xampp\htdocs\wordpress\wp-includes\plugin.php(517): WP_Hook->do_action(Array)
#4 C:\xampp\htdocs\wordpress\wp-admin\admin-ajax.php(188): do_action('wp_ajax_loadmor...')
#5 {main}
  thrown in C:\xampp\htdocs\wordpress\wp-content\plugins\woocommerce\includes\wc-formatting-functions.php on line 564

2023-04-21T02:52:19+00:00 CRITICAL Uncaught ArgumentCountError: Too few arguments to function wc_price(), 0 passed in C:\xampp\htdocs\wordpress\wp-content\themes\flatsome-child\functions.php on line 71 and at least 1 expected in C:\xampp\htdocs\wordpress\wp-content\plugins\woocommerce\includes\wc-formatting-functions.php:564
Stack trace:
#0 C:\xampp\htdocs\wordpress\wp-content\themes\flatsome-child\functions.php(71): wc_price()
#1 C:\xampp\htdocs\wordpress\wp-includes\class-wp-hook.php(308): get_post_loadmore('')
#2 C:\xampp\htdocs\wordpress\wp-includes\class-wp-hook.php(332): WP_Hook->apply_filters('', Array)
#3 C:\xampp\htdocs\wordpress\wp-includes\plugin.php(517): WP_Hook->do_action(Array)
#4 C:\xampp\htdocs\wordpress\wp-admin\admin-ajax.php(188): do_action('wp_ajax_loadmor...')
#5 {main}
  thrown in C:\xampp\htdocs\wordpress\wp-content\plugins\woocommerce\includes\wc-formatting-functions.php on line 564

2023-04-21T02:52:23+00:00 CRITICAL Uncaught ArgumentCountError: Too few arguments to function wc_price(), 0 passed in C:\xampp\htdocs\wordpress\wp-content\themes\flatsome-child\functions.php on line 71 and at least 1 expected in C:\xampp\htdocs\wordpress\wp-content\plugins\woocommerce\includes\wc-formatting-functions.php:564
Stack trace:
#0 C:\xampp\htdocs\wordpress\wp-content\themes\flatsome-child\functions.php(71): wc_price()
#1 C:\xampp\htdocs\wordpress\wp-includes\class-wp-hook.php(308): get_post_loadmore('')
#2 C:\xampp\htdocs\wordpress\wp-includes\class-wp-hook.php(332): WP_Hook->apply_filters('', Array)
#3 C:\xampp\htdocs\wordpress\wp-includes\plugin.php(517): WP_Hook->do_action(Array)
#4 C:\xampp\htdocs\wordpress\wp-admin\admin-ajax.php(188): do_action('wp_ajax_loadmor...')
#5 {main}
  thrown in C:\xampp\htdocs\wordpress\wp-content\plugins\woocommerce\includes\wc-formatting-functions.php on line 564

2023-04-21T02:52:25+00:00 CRITICAL Uncaught ArgumentCountError: Too few arguments to function wc_price(), 0 passed in C:\xampp\htdocs\wordpress\wp-content\themes\flatsome-child\functions.php on line 71 and at least 1 expected in C:\xampp\htdocs\wordpress\wp-content\plugins\woocommerce\includes\wc-formatting-functions.php:564
Stack trace:
#0 C:\xampp\htdocs\wordpress\wp-content\themes\flatsome-child\functions.php(71): wc_price()
#1 C:\xampp\htdocs\wordpress\wp-includes\class-wp-hook.php(308): get_post_loadmore('')
#2 C:\xampp\htdocs\wordpress\wp-includes\class-wp-hook.php(332): WP_Hook->apply_filters('', Array)
#3 C:\xampp\htdocs\wordpress\wp-includes\plugin.php(517): WP_Hook->do_action(Array)
#4 C:\xampp\htdocs\wordpress\wp-admin\admin-ajax.php(188): do_action('wp_ajax_loadmor...')
#5 {main}
  thrown in C:\xampp\htdocs\wordpress\wp-content\plugins\woocommerce\includes\wc-formatting-functions.php on line 564

2023-04-21T03:26:33+00:00 CRITICAL Uncaught Error: Call to a member function get_price() on int in C:\xampp\htdocs\wordpress\wp-content\plugins\woocommerce\includes\wc-product-functions.php:1126
Stack trace:
#0 C:\xampp\htdocs\wordpress\wp-content\themes\flatsome-child\functions.php(75): wc_get_price_to_display(1)
#1 C:\xampp\htdocs\wordpress\wp-includes\class-wp-hook.php(308): get_post_loadmore('')
#2 C:\xampp\htdocs\wordpress\wp-includes\class-wp-hook.php(332): WP_Hook->apply_filters('', Array)
#3 C:\xampp\htdocs\wordpress\wp-includes\plugin.php(517): WP_Hook->do_action(Array)
#4 C:\xampp\htdocs\wordpress\wp-admin\admin-ajax.php(188): do_action('wp_ajax_loadmor...')
#5 {main}
  thrown in C:\xampp\htdocs\wordpress\wp-content\plugins\woocommerce\includes\wc-product-functions.php on line 1126

2023-04-21T03:26:36+00:00 CRITICAL Uncaught Error: Call to a member function get_price() on int in C:\xampp\htdocs\wordpress\wp-content\plugins\woocommerce\includes\wc-product-functions.php:1126
Stack trace:
#0 C:\xampp\htdocs\wordpress\wp-content\themes\flatsome-child\functions.php(75): wc_get_price_to_display(1)
#1 C:\xampp\htdocs\wordpress\wp-includes\class-wp-hook.php(308): get_post_loadmore('')
#2 C:\xampp\htdocs\wordpress\wp-includes\class-wp-hook.php(332): WP_Hook->apply_filters('', Array)
#3 C:\xampp\htdocs\wordpress\wp-includes\plugin.php(517): WP_Hook->do_action(Array)
#4 C:\xampp\htdocs\wordpress\wp-admin\admin-ajax.php(188): do_action('wp_ajax_loadmor...')
#5 {main}
  thrown in C:\xampp\htdocs\wordpress\wp-content\plugins\woocommerce\includes\wc-product-functions.php on line 1126

